<?xml version="1.0" encoding="UTF-8"?>
<!-- Generated by org.testng.reporters.JUnitReportReporter -->
<testsuite hostname="Niteesh" failures="0" tests="1" name="test.FindingSumUsingTwoNumberCombination" time="0.006" errors="0" timestamp="2024-06-03T15:10:49 IST" skipped="0">
  <testcase classname="test.FindingSumUsingTwoNumberCombination" name="method1" time="0.006"/>
  <system-out/>
</testsuite> <!-- test.FindingSumUsingTwoNumberCombination -->
