<?xml version="1.0" encoding="UTF-8"?>
<!-- Generated by org.testng.reporters.JUnitReportReporter -->
<testsuite hostname="Niteesh" failures="0" tests="1" name="test.ExtractDateInAString" time="0.020" errors="0" timestamp="2024-07-04T12:06:24 IST" skipped="0">
  <testcase classname="test.ExtractDateInAString" name="method4" time="0.020"/>
  <system-out/>
</testsuite> <!-- test.ExtractDateInAString -->
