<?xml version="1.0" encoding="UTF-8"?>
<!-- Generated by org.testng.reporters.JUnitReportReporter -->
<testsuite hostname="Niteesh" failures="0" tests="1" name="test.RemoveDuplicateCharacterInString" time="0.010" errors="0" timestamp="2024-07-04T12:08:40 IST" skipped="0">
  <testcase classname="test.RemoveDuplicateCharacterInString" name="method1" time="0.010"/>
  <system-out/>
</testsuite> <!-- test.RemoveDuplicateCharacterInString -->
