<?xml version="1.0" encoding="UTF-8"?>
<!-- Generated by org.testng.reporters.JUnitReportReporter -->
<testsuite hostname="Niteesh" failures="0" tests="1" name="test.CountCharAndAppendWithColan" time="0.006" errors="0" timestamp="2024-06-03T13:10:01 IST" skipped="0">
  <testcase classname="test.CountCharAndAppendWithColan" name="method1" time="0.006"/>
  <system-out/>
</testsuite> <!-- test.CountCharAndAppendWithColan -->
