<?xml version="1.0" encoding="UTF-8"?>
<!-- Generated by org.testng.reporters.JUnitReportReporter -->
<testsuite hostname="Niteesh" failures="0" tests="1" name="challenges.C3" time="0.008" errors="0" timestamp="2024-06-03T12:32:35 IST" skipped="0">
  <testcase classname="challenges.C3" name="method2" time="0.008"/>
  <system-out/>
</testsuite> <!-- challenges.C3 -->
