<?xml version="1.0" encoding="UTF-8"?>
<!-- Generated by org.testng.reporters.JUnitReportReporter -->
<testsuite hostname="Niteesh" failures="0" tests="1" name="challenges.TestAll" time="4.240" errors="0" timestamp="2023-10-03T17:09:32 IST" skipped="0">
  <testcase classname="challenges.TestAll" name="TakeScreenShot" time="4.240"/>
  <system-out/>
</testsuite> <!-- challenges.TestAll -->
