<?xml version="1.0" encoding="UTF-8"?>
<!-- Generated by org.testng.reporters.JUnitReportReporter -->
<testsuite hostname="Niteesh" failures="0" tests="1" name="test.AppendUniqueWordsInString" time="0.011" errors="0" timestamp="2024-06-03T12:19:55 IST" skipped="0">
  <testcase classname="test.AppendUniqueWordsInString" name="method1" time="0.011"/>
  <system-out/>
</testsuite> <!-- test.AppendUniqueWordsInString -->
