<?xml version="1.0" encoding="UTF-8"?>
<!-- Generated by org.testng.reporters.JUnitReportReporter -->
<testsuite hostname="Niteesh" failures="0" tests="1" name="test.First_3_MaxValuesWItoutBBsort" time="0.008" errors="0" timestamp="2024-06-03T12:29:02 IST" skipped="0">
  <testcase classname="test.First_3_MaxValuesWItoutBBsort" name="method1" time="0.008"/>
  <system-out/>
</testsuite> <!-- test.First_3_MaxValuesWItoutBBsort -->
