<?xml version="1.0" encoding="UTF-8"?>
<!-- Generated by org.testng.reporters.JUnitReportReporter -->
<testsuite hostname="Niteesh" failures="0" tests="1" name="test.Extract_3_To_4_digits_FromString" time="0.012" errors="0" timestamp="2024-07-04T12:15:38 IST" skipped="0">
  <testcase classname="test.Extract_3_To_4_digits_FromString" name="method2" time="0.012"/>
  <system-out/>
</testsuite> <!-- test.Extract_3_To_4_digits_FromString -->
